<?xml version="1.0" encoding="UTF-8"?>
<testsuite name="ru.stqa.pft.addressbook.tests.ContactCreationTests" tests="2" skipped="0" failures="0" errors="0" timestamp="2019-07-13T15:41:59" hostname="DESKTOP-NOB1303" time="12.066">
  <properties/>
  <testcase name="testNewContactCreation[0](ContactData{id='2147483647', name='name0', firstname='firstname0'})" classname="ru.stqa.pft.addressbook.tests.ContactCreationTests" time="6.337"/>
  <testcase name="testNewContactCreation[1](ContactData{id='2147483647', name='name1', firstname='firstname1'})" classname="ru.stqa.pft.addressbook.tests.ContactCreationTests" time="5.729"/>
  <system-out><![CDATA[]]></system-out>
  <system-err><![CDATA[]]></system-err>
</testsuite>
